<?xml version="1.0" encoding="UTF-8"?>
<!-- Generated by org.testng.reporters.JUnitReportReporter -->
<testsuite hostname="LAPTOP-NP1BHAR4" failures="0" tests="8" name="TestCases.ToDoTest" time="16.349" errors="0" timestamp="2025-02-04T18:05:01 GMT+08:00" skipped="0">
  <testcase classname="TestCases.ToDoTest" name="verifyPage" time="0.220"/>
  <testcase classname="TestCases.ToDoTest" name="enterTodo" time="0.191"/>
  <testcase classname="TestCases.ToDoTest" name="clickCheckBoxes" time="0.455"/>
  <testcase classname="TestCases.ToDoTest" name="removeTodo" time="4.555"/>
  <testcase classname="TestCases.ToDoTest" name="clickActive" time="0.152"/>
  <testcase classname="TestCases.ToDoTest" name="clickCompleted" time="0.104"/>
  <testcase classname="TestCases.ToDoTest" name="clickClearCompleted" time="10.187"/>
  <testcase classname="TestCases.ToDoTest" name="chooseAll" time="0.485"/>
</testsuite> <!-- TestCases.ToDoTest -->
